Determining if the pthread_create exist failed with the following output:
Change Dir: /home/jbs/catkin_ws/src/duo3d_self/cmake-build-debug/CMakeFiles/CMakeTmp

Run Build Command:"/usr/bin/make" "cmTC_ff2df/fast"
/usr/bin/make -f CMakeFiles/cmTC_ff2df.dir/build.make CMakeFiles/cmTC_ff2df.dir/build
make[1]: Entering directory '/home/jbs/catkin_ws/src/duo3d_self/cmake-build-debug/CMakeFiles/CMakeTmp'
Building C object CMakeFiles/cmTC_ff2df.dir/CheckSymbolExists.c.o
/usr/bin/cc    -o CMakeFiles/cmTC_ff2df.dir/CheckSymbolExists.c.o   -c /home/jbs/catkin_ws/src/duo3d_self/cmake-build-debug/CMakeFiles/CMakeTmp/CheckSymbolExists.c
Linking C executable cmTC_ff2df
/home/jbs/Downloads/clion-2018.3.2/bin/cmake/linux/bin/cmake -E cmake_link_script CMakeFiles/cmTC_ff2df.dir/link.txt --verbose=1
/usr/bin/cc      -rdynamic CMakeFiles/cmTC_ff2df.dir/CheckSymbolExists.c.o  -o cmTC_ff2df 
CMakeFiles/cmTC_ff2df.dir/CheckSymbolExists.c.o: In function `main':
CheckSymbolExists.c:(.text+0x16): undefined reference to `pthread_create'
collect2: error: ld returned 1 exit status
CMakeFiles/cmTC_ff2df.dir/build.make:86: recipe for target 'cmTC_ff2df' failed
make[1]: *** [cmTC_ff2df] Error 1
make[1]: Leaving directory '/home/jbs/catkin_ws/src/duo3d_self/cmake-build-debug/CMakeFiles/CMakeTmp'
Makefile:121: recipe for target 'cmTC_ff2df/fast' failed
make: *** [cmTC_ff2df/fast] Error 2

File /home/jbs/catkin_ws/src/duo3d_self/cmake-build-debug/CMakeFiles/CMakeTmp/CheckSymbolExists.c:
/* */
#include <pthread.h>

int main(int argc, char** argv)
{
  (void)argv;
#ifndef pthread_create
  return ((int*)(&pthread_create))[argc];
#else
  (void)argc;
  return 0;
#endif
}

Determining if the function pthread_create exists in the pthreads failed with the following output:
Change Dir: /home/jbs/catkin_ws/src/duo3d_self/cmake-build-debug/CMakeFiles/CMakeTmp

Run Build Command:"/usr/bin/make" "cmTC_407f3/fast"
/usr/bin/make -f CMakeFiles/cmTC_407f3.dir/build.make CMakeFiles/cmTC_407f3.dir/build
make[1]: Entering directory '/home/jbs/catkin_ws/src/duo3d_self/cmake-build-debug/CMakeFiles/CMakeTmp'
Building C object CMakeFiles/cmTC_407f3.dir/CheckFunctionExists.c.o
/usr/bin/cc   -DCHECK_FUNCTION_EXISTS=pthread_create   -o CMakeFiles/cmTC_407f3.dir/CheckFunctionExists.c.o   -c /home/jbs/Downloads/clion-2018.3.2/bin/cmake/linux/share/cmake-3.13/Modules/CheckFunctionExists.c
Linking C executable cmTC_407f3
/home/jbs/Downloads/clion-2018.3.2/bin/cmake/linux/bin/cmake -E cmake_link_script CMakeFiles/cmTC_407f3.dir/link.txt --verbose=1
/usr/bin/cc  -DCHECK_FUNCTION_EXISTS=pthread_create    -rdynamic CMakeFiles/cmTC_407f3.dir/CheckFunctionExists.c.o  -o cmTC_407f3 -lpthreads 
/usr/bin/ld: cannot find -lpthreads
collect2: error: ld returned 1 exit status
CMakeFiles/cmTC_407f3.dir/build.make:86: recipe for target 'cmTC_407f3' failed
make[1]: *** [cmTC_407f3] Error 1
make[1]: Leaving directory '/home/jbs/catkin_ws/src/duo3d_self/cmake-build-debug/CMakeFiles/CMakeTmp'
Makefile:121: recipe for target 'cmTC_407f3/fast' failed
make: *** [cmTC_407f3/fast] Error 2


